{
  "RSpec": {
    "coverage": {
      "/Users/nvnatasha/turing_work/2mod/hang-in-there-api/app/models/poster.rb": {
        "lines": [
          1,
          null,
          null
        ]
      },
      "/Users/nvnatasha/turing_work/2mod/hang-in-there-api/app/models/application_record.rb": {
        "lines": [
          1,
          1,
          null
        ]
      },
      "/Users/nvnatasha/turing_work/2mod/hang-in-there-api/app/controllers/api/v1/posters_controller.rb": {
        "lines": [
          1,
          1,
          6,
          null,
          6,
          6,
          null,
          6,
          null,
          null,
          6,
          1,
          1,
          5,
          1,
          1,
          null,
          4,
          null,
          null,
          null,
          1,
          1,
          1,
          null,
          null,
          1,
          1,
          1,
          null,
          null,
          1,
          1,
          null,
          null,
          1,
          1,
          null,
          null,
          1,
          null,
          1,
          2,
          null,
          null
        ]
      },
      "/Users/nvnatasha/turing_work/2mod/hang-in-there-api/app/controllers/application_controller.rb": {
        "lines": [
          1,
          null,
          null
        ]
      },
      "/Users/nvnatasha/turing_work/2mod/hang-in-there-api/app/serializers/poster_serializer.rb": {
        "lines": [
          1,
          1,
          null,
          7,
          null,
          14,
          null,
          null,
          null,
          null,
          null,
          null,
          null,
          null,
          null,
          null,
          null,
          null,
          null,
          null,
          null,
          null,
          null,
          1,
          null,
          1,
          null,
          null,
          null,
          null,
          null,
          null,
          null,
          null,
          null,
          null,
          null,
          null,
          null,
          null,
          null
        ]
      },
      "/Users/nvnatasha/turing_work/2mod/hang-in-there-api/app/channels/application_cable/channel.rb": {
        "lines": [
          0,
          0,
          0,
          0
        ],
        "branches": {
        }
      },
      "/Users/nvnatasha/turing_work/2mod/hang-in-there-api/app/channels/application_cable/connection.rb": {
        "lines": [
          0,
          0,
          0,
          0
        ],
        "branches": {
        }
      },
      "/Users/nvnatasha/turing_work/2mod/hang-in-there-api/app/jobs/application_job.rb": {
        "lines": [
          0,
          null,
          null,
          null,
          null,
          null,
          0
        ],
        "branches": {
        }
      },
      "/Users/nvnatasha/turing_work/2mod/hang-in-there-api/app/mailers/application_mailer.rb": {
        "lines": [
          0,
          0,
          0,
          0
        ],
        "branches": {
        }
      }
    },
    "timestamp": 1729960148
  }
}
